<?xml version="1.0" encoding="UTF-8"?>
<!-- Generated by org.testng.reporters.JUnitReportReporter -->
<testsuite hostname="YASHAWANTH" failures="0" tests="1" name="Nutrofusion_CRM.Create_PurchaseOrder" time="35.201" errors="0" timestamp="2024-11-25T18:53:41 IST" skipped="0">
  <testcase classname="Nutrofusion_CRM.Create_PurchaseOrder" name="Create_PurcahseOrderTest" time="35.201"/>
  <system-out/>
</testsuite> <!-- Nutrofusion_CRM.Create_PurchaseOrder -->
