<?xml version="1.0" encoding="UTF-8"?>
<!-- Generated by org.testng.reporters.JUnitReportReporter -->
<testsuite hostname="YASHAWANTH" failures="0" tests="1" name="Nutrofusion_CRM.IccCricket" time="15.459" errors="0" timestamp="2024-11-25T13:23:15 IST" skipped="0">
  <testcase classname="Nutrofusion_CRM.IccCricket" name="DisplayddOptions" time="15.459"/>
  <system-out/>
</testsuite> <!-- Nutrofusion_CRM.IccCricket -->
