<?xml version="1.0" encoding="UTF-8"?>
<!-- Generated by org.testng.reporters.JUnitReportReporter -->
<testsuite hostname="YASHAWANTH" failures="0" tests="1" name="Nutrofusion_CRM.CreateCustomer" time="24.856" errors="0" timestamp="2024-11-25T18:55:20 IST" skipped="0">
  <testcase classname="Nutrofusion_CRM.CreateCustomer" name="CreateCustomerTest" time="24.856"/>
  <system-out/>
</testsuite> <!-- Nutrofusion_CRM.CreateCustomer -->
