<?xml version="1.0" encoding="UTF-8"?>
<!-- Generated by org.testng.reporters.JUnitReportReporter -->
<testsuite hostname="YASHAWANTH" failures="0" tests="1" name="Nutrofusion_CRM.Create_SalesOrder" time="35.937" errors="0" timestamp="2024-11-25T18:54:40 IST" skipped="0">
  <testcase classname="Nutrofusion_CRM.Create_SalesOrder" name="Create_SalesOrderTest" time="35.937"/>
  <system-out/>
</testsuite> <!-- Nutrofusion_CRM.Create_SalesOrder -->
