<?xml version="1.0" encoding="UTF-8"?>
<!-- Generated by org.testng.reporters.JUnitReportReporter -->
<testsuite hostname="YASHAWANTH" failures="0" tests="1" name="Nutrofusion_CRM.Sample" time="30.968" errors="0" timestamp="2024-11-22T12:34:03 IST" skipped="0">
  <testcase classname="Nutrofusion_CRM.Sample" name="method" time="30.968"/>
  <system-out/>
</testsuite> <!-- Nutrofusion_CRM.Sample -->
