<?xml version="1.0" encoding="UTF-8"?>
<!-- Generated by org.testng.reporters.JUnitReportReporter -->
<testsuite hostname="YASHAWANTH" failures="0" tests="1" name="Nutrofusion_CRM.Product_sales_org" time="44.454" errors="0" timestamp="2024-11-25T18:58:10 IST" skipped="0">
  <testcase classname="Nutrofusion_CRM.Product_sales_org" name="Product_sales_orgTest" time="44.454"/>
  <system-out/>
</testsuite> <!-- Nutrofusion_CRM.Product_sales_org -->
