<?xml version="1.0" encoding="UTF-8"?>
<!-- Generated by org.testng.reporters.JUnitReportReporter -->
<testsuite hostname="YASHAWANTH" failures="0" tests="1" name="Nutrofusion_CRM.IccCricketSample" time="18.243" errors="0" timestamp="2024-11-25T14:24:08 IST" skipped="0">
  <testcase classname="Nutrofusion_CRM.IccCricketSample" name="DisplayddOptions" time="18.243"/>
  <system-out/>
</testsuite> <!-- Nutrofusion_CRM.IccCricketSample -->
