<?xml version="1.0" encoding="UTF-8"?>
<!-- Generated by org.testng.reporters.JUnitReportReporter -->
<testsuite hostname="YASHAWANTH" failures="0" tests="1" name="Nutrofusion_CRM.Organization_Customer" time="38.605" errors="0" timestamp="2024-11-25T18:57:03 IST" skipped="0">
  <testcase classname="Nutrofusion_CRM.Organization_Customer" name="ORG_CustomerTest" time="38.605"/>
  <system-out/>
</testsuite> <!-- Nutrofusion_CRM.Organization_Customer -->
